<?xml version="1.0" encoding="UTF-8"?>
<!-- Generated by org.testng.reporters.JUnitXMLReporter -->
<testsuite ignored="0" hostname="2020-02-03-05" failures="0" tests="4" name="Default test" time="16.942" errors="0" timestamp="2022-02-26T19:16:49 EET">
  <testcase classname="tests.TestScript" name="NavigateToMyAccount" time="6.323"/>
  <testcase classname="tests.TestScript" name="NavigateToAccountCreation" time="0.292"/>
  <testcase classname="tests.TestScript" name="CreateAccount" time="7.503"/>
  <testcase classname="tests.TestScript" name="SigningOut" time="2.787"/>
</testsuite> <!-- Default test -->
