<?xml version="1.0" encoding="UTF-8"?>
<!-- Generated by org.testng.reporters.JUnitXMLReporter -->
<testsuite ignored="0" hostname="2020-02-03-05" failures="0" tests="4" name="Default test" time="14.197" errors="0" timestamp="2022-02-24T20:30:11 EET">
  <testcase classname="tests.TestScript" name="NavigateToMyAccount" time="2.464"/>
  <testcase classname="tests.TestScript" name="NavigateToAccountCreation" time="0.158"/>
  <testcase classname="tests.TestScript" name="CreateAccount" time="7.792"/>
  <testcase classname="tests.TestScript" name="SigningOut" time="3.749"/>
</testsuite> <!-- Default test -->
