<?xml version="1.0" encoding="UTF-8"?>
<testng-results ignored="0" total="4" passed="4" failed="0" skipped="0">
  <reporter-output>
  </reporter-output>
  <suite started-at="2022-02-26T19:16:32 EET" name="Default suite" finished-at="2022-02-26T19:16:49 EET" duration-ms="16942">
    <groups>
    </groups>
    <test started-at="2022-02-26T19:16:32 EET" name="Default test" finished-at="2022-02-26T19:16:49 EET" duration-ms="16942">
      <class name="tests.TestScript">
        <test-method is-config="true" signature="StartDriver()[pri:0, instance:tests.TestScript@50bc3219]" started-at="2022-02-26T19:16:20 EET" name="StartDriver" finished-at="2022-02-26T19:16:32 EET" duration-ms="12274" status="PASS">
          <reporter-output>
          </reporter-output>
        </test-method> <!-- StartDriver -->
        <test-method signature="NavigateToMyAccount()[pri:1, instance:tests.TestScript@50bc3219]" started-at="2022-02-26T19:16:32 EET" name="NavigateToMyAccount" finished-at="2022-02-26T19:16:39 EET" duration-ms="6323" status="PASS">
          <reporter-output>
          </reporter-output>
        </test-method> <!-- NavigateToMyAccount -->
        <test-method signature="NavigateToAccountCreation()[pri:0, instance:tests.TestScript@50bc3219]" started-at="2022-02-26T19:16:39 EET" name="NavigateToAccountCreation" finished-at="2022-02-26T19:16:39 EET" depends-on-methods="tests.TestScript.NavigateToMyAccount" duration-ms="292" status="PASS">
          <reporter-output>
          </reporter-output>
        </test-method> <!-- NavigateToAccountCreation -->
        <test-method signature="CreateAccount()[pri:0, instance:tests.TestScript@50bc3219]" started-at="2022-02-26T19:16:39 EET" name="CreateAccount" finished-at="2022-02-26T19:16:46 EET" depends-on-methods="tests.TestScript.NavigateToAccountCreation" duration-ms="7503" status="PASS">
          <reporter-output>
          </reporter-output>
        </test-method> <!-- CreateAccount -->
        <test-method signature="SigningOut()[pri:0, instance:tests.TestScript@50bc3219]" started-at="2022-02-26T19:16:46 EET" name="SigningOut" finished-at="2022-02-26T19:16:49 EET" depends-on-methods="tests.TestScript.CreateAccount" duration-ms="2787" status="PASS">
          <reporter-output>
          </reporter-output>
        </test-method> <!-- SigningOut -->
        <test-method is-config="true" signature="StopDriver()[pri:0, instance:tests.TestScript@50bc3219]" started-at="2022-02-26T19:16:49 EET" name="StopDriver" finished-at="2022-02-26T19:16:50 EET" duration-ms="809" status="PASS">
          <reporter-output>
          </reporter-output>
        </test-method> <!-- StopDriver -->
      </class> <!-- tests.TestScript -->
    </test> <!-- Default test -->
  </suite> <!-- Default suite -->
</testng-results>
