<?xml version="1.0" encoding="UTF-8"?>
<testng-results ignored="0" total="4" passed="4" failed="0" skipped="0">
  <reporter-output>
  </reporter-output>
  <suite started-at="2022-02-24T20:29:57 EET" name="Default suite" finished-at="2022-02-24T20:30:11 EET" duration-ms="14197">
    <groups>
    </groups>
    <test started-at="2022-02-24T20:29:57 EET" name="Default test" finished-at="2022-02-24T20:30:11 EET" duration-ms="14197">
      <class name="tests.TestScript">
        <test-method is-config="true" signature="StartDriver()[pri:0, instance:tests.TestScript@50bc3219]" started-at="2022-02-24T20:29:47 EET" name="StartDriver" finished-at="2022-02-24T20:29:57 EET" duration-ms="10143" status="PASS">
          <reporter-output>
          </reporter-output>
        </test-method> <!-- StartDriver -->
        <test-method signature="NavigateToMyAccount()[pri:1, instance:tests.TestScript@50bc3219]" started-at="2022-02-24T20:29:57 EET" name="NavigateToMyAccount" finished-at="2022-02-24T20:30:00 EET" duration-ms="2464" status="PASS">
          <reporter-output>
          </reporter-output>
        </test-method> <!-- NavigateToMyAccount -->
        <test-method signature="NavigateToAccountCreation()[pri:0, instance:tests.TestScript@50bc3219]" started-at="2022-02-24T20:30:00 EET" name="NavigateToAccountCreation" finished-at="2022-02-24T20:30:00 EET" depends-on-methods="tests.TestScript.NavigateToMyAccount" duration-ms="158" status="PASS">
          <reporter-output>
          </reporter-output>
        </test-method> <!-- NavigateToAccountCreation -->
        <test-method signature="CreateAccount()[pri:0, instance:tests.TestScript@50bc3219]" started-at="2022-02-24T20:30:00 EET" name="CreateAccount" finished-at="2022-02-24T20:30:07 EET" depends-on-methods="tests.TestScript.NavigateToAccountCreation" duration-ms="7792" status="PASS">
          <reporter-output>
          </reporter-output>
        </test-method> <!-- CreateAccount -->
        <test-method signature="SigningOut()[pri:0, instance:tests.TestScript@50bc3219]" started-at="2022-02-24T20:30:07 EET" name="SigningOut" finished-at="2022-02-24T20:30:11 EET" depends-on-methods="tests.TestScript.CreateAccount" duration-ms="3749" status="PASS">
          <reporter-output>
          </reporter-output>
        </test-method> <!-- SigningOut -->
        <test-method is-config="true" signature="StopDriver()[pri:0, instance:tests.TestScript@50bc3219]" started-at="2022-02-24T20:30:11 EET" name="StopDriver" finished-at="2022-02-24T20:30:12 EET" duration-ms="658" status="PASS">
          <reporter-output>
          </reporter-output>
        </test-method> <!-- StopDriver -->
      </class> <!-- tests.TestScript -->
    </test> <!-- Default test -->
  </suite> <!-- Default suite -->
</testng-results>
